#
# There is insufficient memory for the Java Runtime Environment to continue.
# Native memory allocation (mmap) failed to map 536870912 bytes for G1 virtual space
# Possible reasons:
#   The system is out of physical RAM or swap space
#   The process is running with CompressedOops enabled, and the Java Heap may be blocking the growth of the native heap
# Possible solutions:
#   Reduce memory load on the system
#   Increase physical memory or swap space
#   Check if swap backing store is full
#   Decrease Java heap size (-Xmx/-Xms)
#   Decrease number of Java threads
#   Decrease Java thread stack sizes (-Xss)
#   Set larger code cache with -XX:ReservedCodeCacheSize=
#   JVM is running with Zero Based Compressed Oops mode in which the Java heap is
#     placed in the first 32GB address space. The Java Heap base address is the
#     maximum limit for the native heap growth. Please use -XX:HeapBaseMinAddress
#     to set the Java Heap base and to place the Java Heap above 32GB virtual address.
# This output file may be truncated or incomplete.
#
#  Out of Memory Error (os_windows.cpp:3603), pid=21756, tid=18888
#
# JRE version:  (21.0.7+8) (build )
# Java VM: Java HotSpot(TM) 64-Bit Server VM (21.0.7+8-LTS-245, mixed mode, sharing, tiered, compressed oops, compressed class ptrs, g1 gc, windows-amd64)
# No core dump will be written. Minidumps are not enabled by default on client versions of Windows
#

---------------  S U M M A R Y ------------

Command Line: -javaagent:C:\Users\NagSup\AppData\Local\JetBrains\IdeaIC2025.1\captureAgent\debugger-agent.jar=file:///C:/Users/NagSup/AppData/Local/Temp/capture16917597788946077975.props -ea -Didea.test.cyclic.buffer.size=1048576 -javaagent:C:\Program Files\JetBrains\IntelliJ IDEA Community Edition 2025.1.1.1\lib\idea_rt.jar=55690 -Dkotlinx.coroutines.debug.enable.creation.stack.trace=false -Ddebugger.agent.enable.coroutines=true -Dkotlinx.coroutines.debug.enable.flows.stack.trace=true -Dkotlinx.coroutines.debug.enable.mutable.state.flows.stack.trace=true -Dfile.encoding=UTF-8 -Dsun.stdout.encoding=UTF-8 -Dsun.stderr.encoding=UTF-8 com.intellij.rt.testng.RemoteTestNGStarter -usedefaultlisteners false -socket55689 @w@C:\Users\NagSup\AppData\Local\Temp\idea_working_dirs_testng.tmp -temp C:\Users\NagSup\AppData\Local\Temp\idea_testng.tmp

Host: Intel(R) Xeon(R) Gold 6248 CPU @ 2.50GHz, 6 cores, 31G,  Windows 10 , 64 bit Build 19041 (10.0.19041.5915)
Time: Mon Aug 18 08:28:40 2025 Central Daylight Time elapsed time: 0.030483 seconds (0d 0h 0m 0s)

---------------  T H R E A D  ---------------

Current thread (0x0000026bb541e910):  JavaThread "Unknown thread" [_thread_in_vm, id=18888, stack(0x000000bf36100000,0x000000bf36200000) (1024K)]

Stack: [0x000000bf36100000,0x000000bf36200000]
Native frames: (J=compiled Java code, j=interpreted, Vv=VM code, C=native code)
V  [jvm.dll+0x6cae19]
V  [jvm.dll+0x855741]
V  [jvm.dll+0x857c6e]
V  [jvm.dll+0x858343]
V  [jvm.dll+0x27e0b6]
V  [jvm.dll+0x6c7595]
V  [jvm.dll+0x6bc0fa]
V  [jvm.dll+0x353eaa]
V  [jvm.dll+0x35bb26]
V  [jvm.dll+0x3ae52e]
V  [jvm.dll+0x3ae7d8]
V  [jvm.dll+0x3281bc]
V  [jvm.dll+0x328d1b]
V  [jvm.dll+0x81eaf9]
V  [jvm.dll+0x3bb211]
V  [jvm.dll+0x807d78]
V  [jvm.dll+0x4503ee]
V  [jvm.dll+0x451fe1]
C  [jli.dll+0x52a3]
C  [ucrtbase.dll+0x21bb2]
C  [KERNEL32.DLL+0x17374]
C  [ntdll.dll+0x4cc91]


---------------  P R O C E S S  ---------------

Threads class SMR info:
_java_thread_list=0x00007ffee584cc48, length=0, elements={
}

Java Threads: ( => current thread )
Total: 0

Other Threads:
  0x0000026bb61dd070 WorkerThread "GC Thread#0"                     [id=9372, stack(0x000000bf36200000,0x000000bf36300000) (1024K)]
  0x0000026bb61f4050 ConcurrentGCThread "G1 Main Marker"            [id=20296, stack(0x000000bf36300000,0x000000bf36400000) (1024K)]
  0x0000026bb61f5b00 WorkerThread "G1 Conc#0"                       [id=16552, stack(0x000000bf36400000,0x000000bf36500000) (1024K)]

[error occurred during error reporting (printing all threads), id 0xc0000005, EXCEPTION_ACCESS_VIOLATION (0xc0000005) at pc=0x00007ffee4fba947]
VM state: not at safepoint (not fully initialized)

VM Mutex/Monitor currently owned by a thread:  ([mutex/lock_event])
[0x00007ffee58bdf50] Heap_lock - owner thread: 0x0000026bb541e910

Heap address: 0x0000000600000000, size: 8192 MB, Compressed Oops mode: Zero based, Oop shift amount: 3

CDS archive(s) mapped at: [0x0000000000000000-0x0000000000000000-0x0000000000000000), size 0, SharedBaseAddress: 0x0000000800000000, ArchiveRelocationMode: 1.
Narrow klass base: 0x0000000000000000, Narrow klass shift: 0, Narrow klass range: 0x0

GC Precious Log:
 CardTable entry size: 512
 Card Set container configuration: InlinePtr #cards 4 size 8 Array Of Cards #cards 32 size 80 Howl #buckets 8 coarsen threshold 7372 Howl Bitmap #cards 1024 size 144 coarsen threshold 921 Card regions per heap region 1 cards per card region 8192

Heap:
 garbage-first heap   total 0K, used 0K [0x0000000600000000, 0x0000000800000000)
  region size 4096K, 0 young (0K), 0 survivors (0K)

[error occurred during error reporting (printing heap information), id 0xc0000005, EXCEPTION_ACCESS_VIOLATION (0xc0000005) at pc=0x00007ffee53a3e79]
GC Heap History (0 events):
No events

Dll operation events (2 events):
Event: 0.020 Loaded shared library C:\Program Files\Java\jdk-21\bin\java.dll
Event: 0.022 Loaded shared library C:\Program Files\Java\jdk-21\bin\zip.dll

Deoptimization events (0 events):
No events

Classes loaded (0 events):
No events

Classes unloaded (0 events):
No events

Classes redefined (0 events):
No events

Internal exceptions (0 events):
No events

ZGC Phase Switch (0 events):
No events

VM Operations (0 events):
No events

Events (0 events):
No events


Dynamic libraries:
0x00007ff722f90000 - 0x00007ff722fa0000 	C:\Program Files\Java\jdk-21\bin\java.exe
0x00007fff2aa90000 - 0x00007fff2ac88000 	C:\WINDOWS\SYSTEM32\ntdll.dll
0x00007fff2a600000 - 0x00007fff2a6c2000 	C:\WINDOWS\System32\KERNEL32.DLL
0x00007fff285a0000 - 0x00007fff28896000 	C:\WINDOWS\System32\KERNELBASE.dll
0x00007fff0b250000 - 0x00007fff0b958000 	C:\Program Files\Rapid7\Insight Agent\components\armor\common\Armor\mvarmor64.dll
0x00007fff29de0000 - 0x00007fff29e91000 	C:\WINDOWS\System32\ADVAPI32.dll
0x00007fff2a6d0000 - 0x00007fff2a76e000 	C:\WINDOWS\System32\msvcrt.dll
0x00007fff29f10000 - 0x00007fff29faf000 	C:\WINDOWS\System32\sechost.dll
0x00007fff299d0000 - 0x00007fff29af3000 	C:\WINDOWS\System32\RPCRT4.dll
0x00007fff28570000 - 0x00007fff28597000 	C:\WINDOWS\System32\bcrypt.dll
0x00007fff29b00000 - 0x00007fff29c2b000 	C:\WINDOWS\System32\ole32.dll
0x00007fff28470000 - 0x00007fff28570000 	C:\WINDOWS\System32\ucrtbase.dll
0x00007fff295e0000 - 0x00007fff29933000 	C:\WINDOWS\System32\combase.dll
0x00007fff2a5c0000 - 0x00007fff2a5eb000 	C:\WINDOWS\System32\GDI32.dll
0x00007fff282e0000 - 0x00007fff28302000 	C:\WINDOWS\System32\win32u.dll
0x00007fff28990000 - 0x00007fff28aa9000 	C:\WINDOWS\System32\gdi32full.dll
0x00007fff288a0000 - 0x00007fff2893d000 	C:\WINDOWS\System32\msvcp_win.dll
0x00007fff28ab0000 - 0x00007fff28c4d000 	C:\WINDOWS\System32\USER32.dll
0x00007fff2a480000 - 0x00007fff2a54d000 	C:\WINDOWS\System32\OLEAUT32.dll
0x00007fff28120000 - 0x00007fff28193000 	C:\WINDOWS\System32\WINTRUST.dll
0x00007fff28de0000 - 0x00007fff28e3b000 	C:\WINDOWS\System32\SHLWAPI.dll
0x00007fff28e40000 - 0x00007fff295ae000 	C:\WINDOWS\System32\SHELL32.dll
0x00007fff28310000 - 0x00007fff2846d000 	C:\WINDOWS\System32\CRYPT32.dll
0x00007fff2a550000 - 0x00007fff2a5bb000 	C:\WINDOWS\System32\WS2_32.dll
0x00007fff27fd0000 - 0x00007fff27ffe000 	C:\WINDOWS\SYSTEM32\USERENV.dll
0x00007fff13b80000 - 0x00007fff13b99000 	C:\Program Files\Java\jdk-21\bin\jli.dll
0x00007fff1ebd0000 - 0x00007fff1ebeb000 	C:\Program Files\Java\jdk-21\bin\VCRUNTIME140.dll
0x00007fff140a0000 - 0x00007fff1433a000 	C:\WINDOWS\WinSxS\amd64_microsoft.windows.common-controls_6595b64144ccf1df_6.0.19041.5915_none_60b4b9d171f9c7c7\COMCTL32.dll
0x00007fff1bfb0000 - 0x00007fff1bfba000 	C:\WINDOWS\SYSTEM32\VERSION.dll
0x00007fff295b0000 - 0x00007fff295df000 	C:\WINDOWS\System32\IMM32.DLL
0x00007fff27c70000 - 0x00007fff27c82000 	C:\WINDOWS\SYSTEM32\MSASN1.dll
0x00007fff29fb0000 - 0x00007fff2a420000 	C:\WINDOWS\System32\setupapi.DLL
0x00007fff28940000 - 0x00007fff2898e000 	C:\WINDOWS\System32\cfgmgr32.dll
0x00007fff28050000 - 0x00007fff28074000 	C:\WINDOWS\SYSTEM32\profapi.dll
0x00007fff24960000 - 0x00007fff24974000 	C:\WINDOWS\SYSTEM32\wtsapi32.dll
0x00007fff27970000 - 0x00007fff2797c000 	C:\WINDOWS\SYSTEM32\CRYPTBASE.DLL
0x00007fff28250000 - 0x00007fff282d2000 	C:\WINDOWS\System32\bcryptPrimitives.dll
0x00007fff2a920000 - 0x00007fff2a928000 	C:\WINDOWS\System32\Psapi.dll
0x00007fff1b4d0000 - 0x00007fff1b4fa000 	C:\WINDOWS\SYSTEM32\ntdsapi.dll
0x00007fff1c490000 - 0x00007fff1c49c000 	C:\WINDOWS\SYSTEM32\DSPARSE.DLL
0x00007fff248e0000 - 0x00007fff24945000 	C:\WINDOWS\SYSTEM32\Wevtapi.dll
0x00007fff29c30000 - 0x00007fff29c4d000 	C:\WINDOWS\System32\imagehlp.dll
0x00007fff27a40000 - 0x00007fff27a58000 	C:\WINDOWS\SYSTEM32\CRYPTSP.dll
0x00007fff27010000 - 0x00007fff27048000 	C:\WINDOWS\system32\rsaenh.dll
0x00007fff24b30000 - 0x00007fff24b3c000 	C:\Program Files\Java\jdk-21\bin\vcruntime140_1.dll
0x00007fff068c0000 - 0x00007fff0694e000 	C:\Program Files\Java\jdk-21\bin\msvcp140.dll
0x00007ffee4c80000 - 0x00007ffee599a000 	C:\Program Files\Java\jdk-21\bin\server\jvm.dll
0x00007fff27f80000 - 0x00007fff27fcb000 	C:\WINDOWS\SYSTEM32\POWRPROF.dll
0x00007fff15220000 - 0x00007fff15247000 	C:\WINDOWS\SYSTEM32\WINMM.dll
0x00007fff27f60000 - 0x00007fff27f72000 	C:\WINDOWS\SYSTEM32\UMPDC.dll
0x00007fff25c90000 - 0x00007fff25ca2000 	C:\WINDOWS\SYSTEM32\kernel.appcore.dll
0x00007fff24a90000 - 0x00007fff24a9a000 	C:\Program Files\Java\jdk-21\bin\jimage.dll
0x00007fff18300000 - 0x00007fff18501000 	C:\WINDOWS\SYSTEM32\DBGHELP.DLL
0x00007fff17580000 - 0x00007fff175b4000 	C:\WINDOWS\SYSTEM32\dbgcore.DLL
0x00007fff146d0000 - 0x00007fff146df000 	C:\Program Files\Java\jdk-21\bin\instrument.dll
0x00007fff0c110000 - 0x00007fff0c12f000 	C:\Program Files\Java\jdk-21\bin\java.dll
0x00007fff09660000 - 0x00007fff09678000 	C:\Program Files\Java\jdk-21\bin\zip.dll

dbghelp: loaded successfully - version: 4.0.5 - missing functions: none
symbol engine: initialized successfully - sym options: 0x614 - pdb path: .;C:\Program Files\Java\jdk-21\bin;C:\WINDOWS\SYSTEM32;C:\Program Files\Rapid7\Insight Agent\components\armor\common\Armor;C:\WINDOWS\WinSxS\amd64_microsoft.windows.common-controls_6595b64144ccf1df_6.0.19041.5915_none_60b4b9d171f9c7c7;C:\Program Files\Java\jdk-21\bin\server

VM Arguments:
jvm_args: -javaagent:C:\Users\NagSup\AppData\Local\JetBrains\IdeaIC2025.1\captureAgent\debugger-agent.jar=file:///C:/Users/NagSup/AppData/Local/Temp/capture16917597788946077975.props -ea -Didea.test.cyclic.buffer.size=1048576 -javaagent:C:\Program Files\JetBrains\IntelliJ IDEA Community Edition 2025.1.1.1\lib\idea_rt.jar=55690 -Dkotlinx.coroutines.debug.enable.creation.stack.trace=false -Ddebugger.agent.enable.coroutines=true -Dkotlinx.coroutines.debug.enable.flows.stack.trace=true -Dkotlinx.coroutines.debug.enable.mutable.state.flows.stack.trace=true -Dfile.encoding=UTF-8 -Dsun.stdout.encoding=UTF-8 -Dsun.stderr.encoding=UTF-8 
java_command: com.intellij.rt.testng.RemoteTestNGStarter -usedefaultlisteners false -socket55689 @w@C:\Users\NagSup\AppData\Local\Temp\idea_working_dirs_testng.tmp -temp C:\Users\NagSup\AppData\Local\Temp\idea_testng.tmp
java_class_path (initial): C:\Program Files\JetBrains\IntelliJ IDEA Community Edition 2025.1.1.1\lib\idea_rt.jar;C:\Program Files\JetBrains\IntelliJ IDEA Community Edition 2025.1.1.1\plugins\testng\lib\testng-rt.jar;E:\SFCC-Per-Clone-Work\rac-ecommerce-automation\target\test-classes;E:\SFCC-Per-Clone-Work\rac-ecommerce-automation\target\classes;C:\Users\NagSup\.m2\repository\io\cucumber\cucumber-core\7.20.1\cucumber-core-7.20.1.jar;C:\Users\NagSup\.m2\repository\io\cucumber\cucumber-gherkin\7.20.1\cucumber-gherkin-7.20.1.jar;C:\Users\NagSup\.m2\repository\io\cucumber\cucumber-gherkin-messages\7.20.1\cucumber-gherkin-messages-7.20.1.jar;C:\Users\NagSup\.m2\repository\io\cucumber\messages\24.1.0\messages-24.1.0.jar;C:\Users\NagSup\.m2\repository\io\cucumber\testng-xml-formatter\0.2.0\testng-xml-formatter-0.2.0.jar;C:\Users\NagSup\.m2\repository\io\cucumber\query\12.2.0\query-12.2.0.jar;C:\Users\NagSup\.m2\repository\io\cucumber\tag-expressions\6.1.0\tag-expressions-6.1.0.jar;C:\Users\NagSup\.m2\repository\io\cucumber\cucumber-expressions\17.1.0\cucumber-expressions-17.1.0.jar;C:\Users\NagSup\.m2\repository\io\cucumber\datatable\7.20.1\datatable-7.20.1.jar;C:\Users\NagSup\.m2\repository\io\cucumber\cucumber-plugin\7.20.1\cucumber-plugin-7.20.1.jar;C:\Users\NagSup\.m2\repository\io\cucumber\docstring\7.20.1\docstring-7.20.1.jar;C:\Users\NagSup\.m2\repository\io\cucumber\html-formatter\21.7.0\html-formatter-21.7.0.jar;C:\Users\NagSup\.m2\repository\io\cucumber\junit-xml-formatter\0.5.0\junit-xml-formatter-0.5.0.jar;C:\Users\NagSup\.m2\repository\io\cucumber\ci-environment\10.0.1\ci-environment-10.0.1.jar;C:\Users\NagSup\.m2\repository\org\apiguardian\apiguardian-api\1.1.2\apiguardian-api-1.1.2.jar;C:\Users\NagSup\.m2\repository\io\cucumber\cucumber-html\0.2.7\cucumber-html-0.2.7.jar;C:\Users\NagSup\.m2\repository\io\cucumber\cucumber-java\7.20.1\cucumber-java-7.20.1.jar;C:\Users\NagSup\.m2\repository\io\cucumber\cucumber-junit\7.20.1\cucumber-junit-7.20.1.jar;C:\Users\NagSup\.m2\repository\io\cucumber\cucumber-jvm-deps\1.0.6\cucumber-jvm-deps-1.0.6.jar;C:\Users\NagSup\.m2\repository\net\masterthought\cucumber-reporting\5.8.2\cucumber-reporting-5.8.2.jar;C:\Users\NagSup\.m2\repository\com\fasterxml\jackson\core\jackson-databind\2.17.0\jackson-databind-2.17.0.jar;C:\Users\NagSup\.m2\repository\com\fasterxml\jackson\core\jackson-annotations\2.17.0\jackson-annotations-2.17.0.jar;C:\Users\NagSup\.m2\repository\com\fasterxml\jackson\core\jackson-core\2.17.0\jackson-core-2.17.0.jar;C:\Users\NagSup\.m2\repository\net\bytebuddy\byte-buddy\1.14.9\byte-buddy-1.14.9.jar;C:\Users\NagSup\.m2\repository\com\fasterxml\jackson\datatype\jackson-datatype-jsr310\2.17.0\jackson-datatype-jsr310-2.17.0.jar;C:\Users\NagSup\.m2\repository\org\apache\velocity\velocity-engine-core\2.3\velocity-engine-core-2.3.jar;C:\Users\NagSup\.m2\repository\joda-time\joda-time\2.12.7\joda-time-2.12.7.jar;C:\Users\NagSup\.m2\repository\org\apache\commons\commons-configuration2\2.10.1\commons-configuration2-2.10.1.jar;C:\Users\NagSup\.m2\repository\org\apache\commons\commons-lang3\3.14.0\commons-lang3-3.14.0.jar;C:\Users\NagSup\.m2\repository\org\apache\commons\commons-text\1.11.0\commons-text-1.11.0.jar;C:\Users\NagSup\.m2\repository\org\jsoup\jsoup\1.17.2\jsoup-1.17.2.jar;C:\Users\NagSup\.m2\repository\com\googlecode\owasp-java-html-sanitizer\owasp-java-html-sanitizer\20240325.1\owasp-java-html-sanitizer-20240325.1.jar;C:\Users\NagSup\.m2\repository\com\googlecode\owasp-java-html-sanitizer\java8-shim\20240325.1\java8-shim-20240325.1.jar;C:\Users\NagSup\.m2\repository\com\googlecode\owasp-java-html-sanitizer\java10-shim\20240325.1\java10-shim-20240325.1.jar;C:\Users\NagSup\.m2\repository\org\slf4j\slf4j-api\2.0.13\slf4j-api-2.0.13.jar;C:\Users\NagSup\.m2\repository\org\slf4j\jcl-over-slf4j\2.0.13\jcl-over-slf4j-2.0.13.jar;C:\Users\NagSup\.m2\repository\org\hamcrest\hamcrest\3.0\hamcrest-3.0.jar;C:\Users\NagSup\.m2\repository\io\cucumber\gherkin\30.0.0\gherkin-30.0.0.jar;C:\Users\NagSup\.m2\repository\org\seleniumhq\selenium\selenium-java\4.33.0\selenium-java-4.33.0.jar;C:\Users\NagSup\.m2\repository\org\seleniumhq\selenium\selenium-api\4.33.0\selenium-api-4.33.0.jar;C:\Users\NagSup\.m2\repository\org\jspecify\jspecify\1.0.0\jspecify-1.0.0.jar;C:\Users\NagSup\.m2\repository\org\seleniumhq\selenium\selenium-chrome-driver\4.33.0\selenium-chrome-driver-4.33.0.jar;C:\Users\NagSup\.m2\repository\org\seleniumhq\selenium\selenium-chromium-driver\4.33.0\selenium-chromium-driver-4.33.0.jar;C:\Users\NagSup\.m2\repository\org\seleniumhq\selenium\selenium-manager\4.33.0\selenium-manager-4.33.0.jar;C:\Users\NagSup\.m2\repository\org\seleniumhq\selenium\selenium-devtools-v135\4.33.0\selenium-devtools-v135-4.33.0.jar;C:\Users\NagSup\.m2\repository\org\seleniumhq\selenium\selenium-devtools-v137\4.33.0\selenium-devtools-v137-4.33.0.jar;C:\Users\NagSup\.m2\repository\org\seleniumhq\selenium\selenium-edge-driver\4.33.0\selenium-edge-driver-4.33.0.jar;C:\Users\NagSup\.m2\repository\org\seleniumhq\selenium\selenium-firefox-driver\4.33.0\selenium-firefox-driver-4.33.0.jar;C:\Users\NagSup\.m2\repository\org\seleniumhq\selenium\selenium-http\4.33.0\selenium-http-4.33.0.jar;C:\Users\NagSup\.m2\repository\org\seleniumhq\selenium\selenium-ie-driver\4.33.0\selenium-ie-driver-4.33.0.jar;C:\Users\NagSup\.m2\repository\org\seleniumhq\selenium\selenium-remote-driver\4.33.0\selenium-remote-driver-4.33.0.jar;C:\Users\NagSup\.m2\repository\com\google\guava\guava\33.4.8-jre\guava-33.4.8-jre.jar;C:\Users\NagSup\.m2\repository\com\google\guava\failureaccess\1.0.3\failureaccess-1.0.3.jar;C:\Users\NagSup\.m2\repository\com\google\guava\listenablefuture\9999.0-empty-to-avoid-conflict-with-guava\listenablefuture-9999.0-empty-to-avoid-conflict-with-guava.jar;C:\Users\NagSup\.m2\repository\com\google\errorprone\error_prone_annotations\2.36.0\error_prone_annotations-2.36.0.jar;C:\Users\NagSup\.m2\repository\com\google\j2objc\j2objc-annotations\3.0.0\j2objc-annotations-3.0.0.jar;C:\Users\NagSup\.m2\repository\io\opentelemetry\opentelemetry-api\1.50.0\opentelemetry-api-1.50.0.jar;C:\Users\NagSup\.m2\repository\io\opentelemetry\opentelemetry-context\1.50.0\opentelemetry-context-1.50.0.jar;C:\Users\NagSup\.m2\repository\io\opentelemetry\opentelemetry-exporter-logging\1.50.0\opentelemetry-exporter-logging-1.50.0.jar;C:\Users\NagSup\.m2\repository\io\opentelemetry\opentelemetry-sdk-common\1.50.0\opentelemetry-sdk-common-1.50.0.jar;C:\Users\NagSup\.m2\repository\io\opentelemetry\opentelemetry-sdk-extension-autoconfigure-spi\1.50.0\opentelemetry-sdk-extension-autoconfigure-spi-1.50.0.jar;C:\Users\NagSup\.m2\repository\io\opentelemetry\opentelemetry-sdk-extension-autoconfigure\1.50.0\opentelemetry-sdk-extension-autoconfigure-1.50.0.jar;C:\Users\NagSup\.m2\repository\io\opentelemetry\opentelemetry-sdk-trace\1.50.0\opentelemetry-sdk-trace-1.50.0.jar;C:\Users\NagSup\.m2\repository\io\opentelemetry\opentelemetry-sdk\1.50.0\opentelemetry-sdk-1.50.0.jar;C:\Users\NagSup\.m2\repository\io\opentelemetry\opentelemetry-sdk-metrics\1.50.0\opentelemetry-sdk-metrics-1.50.0.jar;C:\Users\NagSup\.m2\repository\io\opentelemetry\opentelemetry-sdk-logs\1.50.0\opentelemetry-sdk-logs-1.50.0.jar;C:\Users\NagSup\.m2\repository\org\seleniumhq\selenium\selenium-os\4.33.0\selenium-os-4.33.0.jar;C:\Users\NagSup\.m2\repository\org\apache\commons\commons-exec\1.4.0\commons-exec-1.4.0.jar;C:\Users\NagSup\.m2\repository\org\seleniumhq\selenium\selenium-safari-driver\4.33.0\selenium-safari-driver-4.33.0.jar;C:\Users\NagSup\.m2\repository\org\seleniumhq\selenium\selenium-support\4.33.0\selenium-support-4.33.0.jar;C:\Users\NagSup\.m2\repository\org\seleniumhq\selenium\selenium-devtools-v136\4.32.0\selenium-devtools-v136-4.32.0.jar;C:\Users\NagSup\.m2\repository\com\google\auto\service\auto-service-annotations\1.1.1\auto-service-annotations-1.1.1.jar;C:\Users\NagSup\.m2\repository\org\seleniumhq\selenium\selenium-json\4.32.0\selenium-json-4.32.0.jar;C:\Users\NagSup\.m2\repository\net\sourceforge\cobertura\cobertura\2.1.1\cobertura-2.1.1.jar;C:\Users\NagSup\.m2\repository\org\ow2\asm\asm\5.0.1\asm-5.0.1.jar;C:\Users\NagSup\.m2\repository\org\ow2\asm\asm-tree\5.0.1\asm-tree-5.0.1.jar;C:\Users\NagSup\.m2\repository\org\ow2\asm\asm-commons\5.0.1\asm-commons-5.0.1.jar;C:\Users\NagSup\.m2\repository\org\ow2\asm\asm-util\5.0.1\asm-util-5.0.1.jar;C:\Users\NagSup\.m2\repository\org\ow2\asm\asm-analysis\5.0.1\asm-analysis-5.0.1.jar;C:\Users\NagSup\.m2\repository\oro\oro\2.0.8\oro-2.0.8.jar;C:\Users\NagSup\.m2\repository\jaxen\jaxen\1.1.4\jaxen-1.1.4.jar;C:\Users\NagSup\.m2\repository\org\apache\ant\ant\1.8.3\ant-1.8.3.jar;C:\Users\NagSup\.m2\repository\org\apache\ant\ant-launcher\1.8.3\ant-launcher-1.8.3.jar;C:\Users\NagSup\.m2\repository\org\apache\ant\ant-junit\1.8.3\ant-junit-1.8.3.jar;C:\Users\NagSup\.m2\repository\org\mortbay\jetty\servlet-api-2.5\6.1.14\servlet-api-2.5-6.1.14.jar;C:\Users\NagSup\.m2\repository\org\mortbay\jetty\jetty\6.1.14\jetty-6.1.14.jar;C:\Users\NagSup\.m2\repository\org\mortbay\jetty\jetty-util\6.1.14\jetty-util-6.1.14.jar;C:\Users\NagSup\.m2\repository\ch\qos\logback\logback-classic\1.0.13\logback-classic-1.0.13.jar;C:\Users\NagSup\.m2\repository\ch\qos\logback\logback-core\1.0.13\logback-core-1.0.13.jar;C:\Users\NagSup\.m2\repository\junit\junit\4.13.2\junit-4.13.2.jar;C:\Users\NagSup\.m2\repository\org\hamcrest\hamcrest-core\1.3\hamcrest-core-1.3.jar;C:\Users\NagSup\.m2\repository\log4j\log4j\1.2.17\log4j-1.2.17.jar;C:\Users\NagSup\.m2\repository\commons-io\commons-io\2.19.0\commons-io-2.19.0.jar;C:\Users\NagSup\.m2\repository\org\slf4j\slf4j-simple\1.7.36\slf4j-simple-1.7.36.jar;C:\Users\NagSup\.m2\repository\tech\grasshopper\extentreports-cucumber7-adapter\1.14.0\extentreports-cucumber7-adapter-1.14.0.jar;C:\Users\NagSup\.m2\repository\tech\grasshopper\extent-pdf-report\2.12.0\extent-pdf-report-2.12.0.jar;C:\Users\NagSup\.m2\repository\tech\grasshopper\cucumber-pdf-report\2.14.0\cucumber-pdf-report-2.14.0.jar;C:\Users\NagSup\.m2\repository\org\apache\pdfbox\pdfbox\2.0.26\pdfbox-2.0.26.jar;C:\Users\NagSup\.m2\repository\org\apache\pdfbox\fontbox\2.0.26\fontbox-2.0.26.jar;C:\Users\NagSup\.m2\repository\org\knowm\xchart\xchart\3.8.0\xchart-3.8.0.jar;C:\Users\NagSup\.m2\repository\de\erichseifert\vectorgraphics2d\VectorGraphics2D\0.13\VectorGraphics2D-0.13.jar;C:\Users\NagSup\.m2\repository\de\rototor\pdfbox\graphics2d\0.30\graphics2d-0.30.jar;C:\Users\NagSup\.m2\repository\com\madgag\animated-gif-lib\1.4\animated-gif-lib-1.4.jar;C:\Users\NagSup\.m2\repository\org\yaml\snakeyaml\2.0\snakeyaml-2.0.jar;C:\Users\NagSup\.m2\repository\tech\grasshopper\table-layout\1.5.1\table-layout-1.5.1.jar;C:\Users\NagSup\.m2\repository\tech\grasshopper\rest-assured-cucumber-pdf-report\1.5.0\rest-assured-cucumber-pdf-report-1.5.0.jar;C:\Users\NagSup\.m2\repository\com\aventstack\klov-reporter\5.1.0\klov-reporter-5.1.0.jar;C:\Users\NagSup\.m2\repository\org\mongodb\mongodb-driver\3.6.4\mongodb-driver-3.6.4.jar;C:\Users\NagSup\.m2\repository\org\mongodb\mongodb-driver-core\3.6.4\mongodb-driver-core-3.6.4.jar;C:\Users\NagSup\.m2\repository\org\mongodb\bson\3.6.4\bson-3.6.4.jar;C:\Users\NagSup\.m2\repository\org\apache\httpcomponents\httpclient\4.5.13\httpclient-4.5.13.jar;C:\Users\NagSup\.m2\repository\org\apache\httpcomponents\httpcore\4.4.13\httpcore-4.4.13.jar;C:\Users\NagSup\.m2\repository\commons-logging\commons-logging\1.2\commons-logging-1.2.jar;C:\Users\NagSup\.m2\repository\org\apache\httpcomponents\httpmime\4.5.13\httpmime-4.5.13.jar;C:\Users\NagSup\.m2\repository\tech\grasshopper\htmlextentreporter\1.1.0\htmlextentreporter-1.1.0.jar;C:\Users\NagSup\.m2\repository\tech\grasshopper\extent-excel-report\1.4.0\extent-excel-report-1.4.0.jar;C:\Users\NagSup\.m2\repository\com\aventstack\extentreports\5.1.2\extentreports-5.1.2.jar;C:\Users\NagSup\.m2\repository\io\reactivex\rxjava3\rxjava\3.1.6\rxjava-3.1.6.jar;C:\Users\NagSup\.m2\repository\org\reactivestreams\reactive-streams\1.0.4\reactive-streams-1.0.4.jar;C:\Users\NagSup\.m2\repository\org\freemarker\freemarker\2.3.32\freemarker-2.3.32.jar;C:\Users\NagSup\.m2\repository\org\projectlombok\lombok\1.18.26\lombok-1.18.26.jar;C:\Users\NagSup\.m2\repository\com\google\code\gson\gson\2.10.1\gson-2.10.1.jar;C:\Users\NagSup\.m2\repository\com\google\protobuf\protobuf-java\4.28.3\protobuf-java-4.28.3.jar;C:\Users\NagSup\.m2\repository\io\github\bonigarcia\webdrivermanager\6.1.0\webdrivermanager-6.1.0.jar;C:\Users\NagSup\.m2\repository\com\github\docker-java\docker-java\3.5.0\docker-java-3.5.0.jar;C:\Users\NagSup\.m2\repository\com\github\docker-java\docker-java-core\3.5.0\docker-java-core-3.5.0.jar;C:\Users\NagSup\.m2\repository\com\github\docker-java\docker-java-api\3.5.0\docker-java-api-3.5.0.jar;C:\Users\NagSup\.m2\repository\com\github\docker-java\docker-java-transport-httpclient5\3.5.0\docker-java-transport-httpclient5-3.5.0.jar;C:\Users\NagSup\.m2\repository\com\github\docker-java\docker-java-transport\3.5.0\docker-java-transport-3.5.0.jar;C:\Users\NagSup\.m2\repository\net\java\dev\jna\jna\5.17.0\jna-5.17.0.jar;C:\Users\NagSup\.m2\repository\org\brotli\dec\0.1.2\dec-0.1.2.jar;C:\Users\NagSup\.m2\repository\org\apache\commons\commons-compress\1.27.1\commons-compress-1.27.1.jar;C:\Users\NagSup\.m2\repository\org\apache\httpcomponents\client5\httpclient5\5.4.3\httpclient5-5.4.3.jar;C:\Users\NagSup\.m2\repository\org\apache\httpcomponents\core5\httpcore5\5.3.4\httpcore5-5.3.4.jar;C:\Users\NagSup\.m2\repository\org\apache\httpcomponents\core5\httpcore5-h2\5.3.4\httpcore5-h2-5.3.4.jar;C:\Users\NagSup\.m2\repository\net\java\dev\jna\jna-platform\5.13.0\jna-platform-5.13.0.jar;C:\Users\NagSup\.m2\repository\org\testng\testng\7.10.2\testng-7.10.2.jar;C:\Users\NagSup\.m2\repository\com\beust\jcommander\1.82\jcommander-1.82.jar;C:\Users\NagSup\.m2\repository\org\webjars\jquery\3.7.1\jquery-3.7.1.jar;C:\Users\NagSup\.m2\repository\io\cucumber\cucumber-testng\7.20.1\cucumber-testng-7.20.1.jar;C:\Users\NagSup\.m2\repository\org\apache\poi\poi\5.2.3\poi-5.2.3.jar;C:\Users\NagSup\.m2\repository\commons-codec\commons-codec\1.15\commons-codec-1.15.jar;C:\Users\NagSup\.m2\repository\org\apache\commons\commons-math3\3.6.1\commons-math3-3.6.1.jar;C:\Users\NagSup\.m2\repository\com\zaxxer\SparseBitSet\1.2\SparseBitSet-1.2.jar;C:\Users\NagSup\.m2\repository\org\apache\poi\poi-ooxml\5.2.3\poi-ooxml-5.2.3.jar;C:\Users\NagSup\.m2\repository\org\apache\poi\poi-ooxml-lite\5.2.3\poi-ooxml-lite-5.2.3.jar;C:\Users\NagSup\.m2\repository\com\github\virtuald\curvesapi\1.07\curvesapi-1.07.jar;C:\Users\NagSup\.m2\repository\org\apache\poi\poi-ooxml-schemas\4.1.2\poi-ooxml-schemas-4.1.2.jar;C:\Users\NagSup\.m2\repository\org\apache\xmlbeans\xmlbeans\5.1.1\xmlbeans-5.1.1.jar;C:\Users\NagSup\.m2\repository\org\apache\commons\commons-collections4\4.4\commons-collections4-4.4.jar;C:\Users\NagSup\.m2\repository\org\apache\logging\log4j\log4j-core\2.24.3\log4j-core-2.24.3.jar;C:\Users\NagSup\.m2\repository\org\apache\logging\log4j\log4j-api\2.24.3\log4j-api-2.24.3.jar;C:\Users\NagSup\.m2\repository\io\appium\java-client\9.3.0\java-client-9.3.0.jar;C:\Users\NagSup\.m2\repository\com\github\javafaker\javafaker\1.0.2\javafaker-1.0.2.jar;C:\Users\NagSup\.m2\repository\org\yaml\snakeyaml\1.23\snakeyaml-1.23-android.jar;C:\Users\NagSup\.m2\repository\com\github\mifmif\generex\1.0.2\generex-1.0.2.jar;C:\Users\NagSup\.m2\repository\dk\brics\automaton\automaton\1.11-8\automaton-1.11-8.jar
Launcher Type: SUN_STANDARD

[Global flags]
     intx CICompilerCount                          = 3                                         {product} {ergonomic}
     uint ConcGCThreads                            = 2                                         {product} {ergonomic}
     uint G1ConcRefinementThreads                  = 6                                         {product} {ergonomic}
   size_t G1HeapRegionSize                         = 4194304                                   {product} {ergonomic}
    uintx GCDrainStackTargetSize                   = 64                                        {product} {ergonomic}
   size_t InitialHeapSize                          = 536870912                                 {product} {ergonomic}
   size_t MarkStackSize                            = 4194304                                   {product} {ergonomic}
   size_t MaxHeapSize                              = 8589934592                                {product} {ergonomic}
   size_t MinHeapDeltaBytes                        = 4194304                                   {product} {ergonomic}
   size_t MinHeapSize                              = 8388608                                   {product} {ergonomic}
    uintx NonNMethodCodeHeapSize                   = 5832780                                {pd product} {ergonomic}
    uintx NonProfiledCodeHeapSize                  = 122912730                              {pd product} {ergonomic}
    uintx ProfiledCodeHeapSize                     = 122912730                              {pd product} {ergonomic}
    uintx ReservedCodeCacheSize                    = 251658240                              {pd product} {ergonomic}
     bool SegmentedCodeCache                       = true                                      {product} {ergonomic}
   size_t SoftMaxHeapSize                          = 8589934592                             {manageable} {ergonomic}
     bool UseCompressedOops                        = true                           {product lp64_product} {ergonomic}
     bool UseG1GC                                  = true                                      {product} {ergonomic}
     bool UseLargePagesIndividualAllocation        = false                                  {pd product} {ergonomic}

Logging:
Log output configuration:
 #0: stdout all=warning uptime,level,tags foldmultilines=false
 #1: stderr all=off uptime,level,tags foldmultilines=false

Environment Variables:
JAVA_HOME=C:\Program Files\Java\jdk-17
PATH=C:\WINDOWS\system32;C:\WINDOWS;C:\WINDOWS\System32\Wbem;C:\WINDOWS\System32\WindowsPowerShell\v1.0\;C:\WINDOWS\System32\OpenSSH\;C:\Program Files (x86)\Microsoft SQL Server\150\DTS\Binn\;C:\Program Files\dotnet\;C:\Program Files\Microsoft SQL Server\130\Tools\Binn\;C:\Program Files\TortoiseGit\bin;C:\Program Files\Java\jdk-17\bin;C:\Program Files\apache-maven-3.9.6\bin;E:\Git\bin;;C:\Program Files\Docker\Docker\resources\bin;C:\Program Files\nodejs\;C:\Users\NagSup\AppData\Local\Microsoft\WindowsApps;E:\Git\cmd;C:\Users\NagSup\AppData\Local\GitHubDesktop\bin;C:\Users\NagSup\AppData\Roaming\npm
USERNAME=NagSup
OS=Windows_NT
PROCESSOR_IDENTIFIER=Intel64 Family 6 Model 85 Stepping 7, GenuineIntel
TMP=C:\Users\NagSup\AppData\Local\Temp
TEMP=C:\Users\NagSup\AppData\Local\Temp




Periodic native trim disabled

---------------  S Y S T E M  ---------------

OS:
 Windows 10 , 64 bit Build 19041 (10.0.19041.5915)
OS uptime: 12 days 4:21 hours
Hyper-V role detected

CPU: total 6 (initial active 6) (2 cores per cpu, 1 threads per core) family 6 model 85 stepping 7 microcode 0x5003801, cx8, cmov, fxsr, mmx, 3dnowpref, sse, sse2, sse3, ssse3, sse4.1, sse4.2, popcnt, lzcnt, tsc, tscinvbit, avx, avx2, aes, erms, clmul, bmi1, bmi2, adx, avx512f, avx512dq, avx512cd, avx512bw, avx512vl, fma, vzeroupper, clflush, clflushopt, clwb, hv, rdtscp, f16c
Processor Information for all 6 processors :
  Max Mhz: 2500, Current Mhz: 2500, Mhz Limit: 2500

Memory: 4k page, system-wide physical 32767M (3787M free)
TotalPageFile size 32767M (AvailPageFile size 271M)
current process WorkingSet (physical memory assigned to process): 18M, peak: 18M
current process commit charge ("private bytes"): 59M, peak: 571M

vm_info: Java HotSpot(TM) 64-Bit Server VM (21.0.7+8-LTS-245) for windows-amd64 JRE (21.0.7+8-LTS-245), built on 2025-02-21T05:11:27Z by "mach5one" with MS VC++ 17.6 (VS2022)

END.
